  NTPClient.cpp
C:\Users\bgill\source\repos\SyncTestGenerator\NTPClient\NTPClient.h(96,14): warning C4251: 'NTPClient::server_': 'std::basic_string<char,std::char_traits<char>,std::allocator<char>>' needs to have dll-interface to be used by clients of 'NTPClient'
  (compiling source file '/NTPClient.cpp')
      C:\Program Files\Microsoft Visual Studio\2022\Community\VC\Tools\MSVC\14.44.35207\include\xstring(541,7):
      see declaration of 'std::basic_string<char,std::char_traits<char>,std::allocator<char>>'
  
C:\Users\bgill\source\repos\SyncTestGenerator\NTPClient\NTPClient.h(103,13): warning C4251: 'NTPClient::baseMutex': 'std::mutex' needs to have dll-interface to be used by clients of 'NTPClient'
  (compiling source file '/NTPClient.cpp')
      C:\Program Files\Microsoft Visual Studio\2022\Community\VC\Tools\MSVC\14.44.35207\include\mutex(98,19):
      see declaration of 'std::mutex'
  
C:\Users\bgill\source\repos\SyncTestGenerator\NTPClient\NTPClient.cpp(129,12): warning C4244: 'initializing': conversion from 'int64_t' to 'double', possible loss of data
  (compiling source file '/NTPClient.cpp')
  
C:\Users\bgill\source\repos\SyncTestGenerator\NTPClient\NTPClient.cpp(130,12): warning C4244: 'initializing': conversion from 'int64_t' to 'double', possible loss of data
  (compiling source file '/NTPClient.cpp')
  
C:\Users\bgill\source\repos\SyncTestGenerator\NTPClient\NTPClient.cpp(131,12): warning C4244: 'initializing': conversion from 'int64_t' to 'double', possible loss of data
  (compiling source file '/NTPClient.cpp')
  
C:\Users\bgill\source\repos\SyncTestGenerator\NTPClient\NTPClient.cpp(138,7): warning C4244: '=': conversion from 'double' to 'uint64_t', possible loss of data
  (compiling source file '/NTPClient.cpp')
  
C:\Users\bgill\source\repos\SyncTestGenerator\NTPClient\NTPClient.cpp(205,22): warning C4244: '=': conversion from 'int64_t' to 'double', possible loss of data
  (compiling source file '/NTPClient.cpp')
  
  NTPClient.vcxproj -> C:\Users\bgill\source\repos\SyncTestGenerator\x64\Debug\NTPClient.lib
